<?xml version="1.0" encoding="UTF-8"?>
<testng-results ignored="0" total="1" passed="1" failed="0" skipped="0">
  <reporter-output>
  </reporter-output>
  <suite started-at="2023-04-03T19:41:03 IST" name="Default suite" finished-at="2023-04-03T19:41:19 IST" duration-ms="16385">
    <groups>
    </groups>
    <test started-at="2023-04-03T19:41:03 IST" name="Default test" finished-at="2023-04-03T19:41:19 IST" duration-ms="16385">
      <class name="com.simplilearn.capstoneproject.testscripts.AddProductToCartTest">
        <test-method is-config="true" signature="launchApplication()[pri:0, instance:com.simplilearn.capstoneproject.testscripts.AddProductToCartTest@57d7f8ca]" started-at="2023-04-03T19:41:03 IST" name="launchApplication" finished-at="2023-04-03T19:41:06 IST" duration-ms="2884" status="PASS">
          <reporter-output>
          </reporter-output>
        </test-method> <!-- launchApplication -->
        <test-method signature="addProductCartTest()[pri:0, instance:com.simplilearn.capstoneproject.testscripts.AddProductToCartTest@57d7f8ca]" started-at="2023-04-03T19:41:06 IST" name="addProductCartTest" finished-at="2023-04-03T19:41:19 IST" duration-ms="13391" status="PASS">
          <reporter-output>
          </reporter-output>
        </test-method> <!-- addProductCartTest -->
        <test-method is-config="true" signature="closeBrowser()[pri:0, instance:com.simplilearn.capstoneproject.testscripts.AddProductToCartTest@57d7f8ca]" started-at="2023-04-03T19:41:19 IST" name="closeBrowser" finished-at="2023-04-03T19:41:19 IST" duration-ms="85" status="PASS">
          <reporter-output>
          </reporter-output>
        </test-method> <!-- closeBrowser -->
      </class> <!-- com.simplilearn.capstoneproject.testscripts.AddProductToCartTest -->
    </test> <!-- Default test -->
  </suite> <!-- Default suite -->
</testng-results>
